2019-07-23 10:49:08.069  WARN 14864 --- [HikariPool-22 housekeeper] com.zaxxer.hikari.pool.HikariPool        : HikariPool-22 - Thread starvation or clock leap detected (housekeeper delta=15h9m54s696ms747µs658ns).
2019-07-23 11:47:55.996  INFO 25604 --- [restartedMain] c.s.i.employee.EmployeeApplication       : Starting EmployeeApplication on DESKTOP-0SK1209 with PID 25604 (C:\Users\Puthiyajothi\Desktop\Jothi\dashboard-backend\sgic-internal\sgic-internal-services\employee-service\target\classes started by Puthiyajothi in C:\Users\Puthiyajothi\Desktop\Jothi\dashboard-backend\sgic-internal\sgic-internal-services\employee-service)
2019-07-23 11:47:55.999  INFO 25604 --- [restartedMain] c.s.i.employee.EmployeeApplication       : No active profile set, falling back to default profiles: default
2019-07-23 11:47:56.093  INFO 25604 --- [restartedMain] .e.DevToolsPropertyDefaultsPostProcessor : Devtools property defaults active! Set 'spring.devtools.add-properties' to 'false' to disable
2019-07-23 11:47:56.093  INFO 25604 --- [restartedMain] .e.DevToolsPropertyDefaultsPostProcessor : For additional web related logging consider setting the 'logging.level.web' property to 'DEBUG'
2019-07-23 11:47:56.945  INFO 25604 --- [restartedMain] .s.d.r.c.RepositoryConfigurationDelegate : Bootstrapping Spring Data repositories in DEFAULT mode.
2019-07-23 11:47:57.005  INFO 25604 --- [restartedMain] .s.d.r.c.RepositoryConfigurationDelegate : Finished Spring Data repository scanning in 53ms. Found 2 repository interfaces.
2019-07-23 11:47:57.269  INFO 25604 --- [restartedMain] trationDelegate$BeanPostProcessorChecker : Bean 'org.springframework.transaction.annotation.ProxyTransactionManagementConfiguration' of type [org.springframework.transaction.annotation.ProxyTransactionManagementConfiguration$$EnhancerBySpringCGLIB$$c62efd54] is not eligible for getting processed by all BeanPostProcessors (for example: not eligible for auto-proxying)
2019-07-23 11:47:57.600  INFO 25604 --- [restartedMain] o.s.b.w.embedded.tomcat.TomcatWebServer  : Tomcat initialized with port(s): 8084 (http)
2019-07-23 11:47:57.620  INFO 25604 --- [restartedMain] o.apache.catalina.core.StandardService   : Starting service [Tomcat]
2019-07-23 11:47:57.620  INFO 25604 --- [restartedMain] org.apache.catalina.core.StandardEngine  : Starting Servlet engine: [Apache Tomcat/9.0.16]
2019-07-23 11:47:57.627  INFO 25604 --- [restartedMain] o.a.catalina.core.AprLifecycleListener   : The APR based Apache Tomcat Native library which allows optimal performance in production environments was not found on the java.library.path: [C:\Program Files\Java\jre1.8.0_171\bin;C:\WINDOWS\Sun\Java\bin;C:\WINDOWS\system32;C:\WINDOWS;C:/Program Files/Java/jre1.8.0_171/bin/server;C:/Program Files/Java/jre1.8.0_171/bin;C:/Program Files/Java/jre1.8.0_171/lib/amd64;C:\Program Files (x86)\Common Files\Oracle\Java\javapath;C:\WINDOWS\system32;C:\WINDOWS;C:\WINDOWS\System32\Wbem;C:\WINDOWS\System32\WindowsPowerShell\v1.0\;C:\Program Files\Java\jdk1.8.0_171\bin;C:\Program Files\Java\jre1.8.0_171\bin;C:\Program Files\Intel\WiFi\bin\;C:\Program Files\Common Files\Intel\WirelessCommon\;C:\Program Files\nodejs\;C:\Git\cmd;C:\WINDOWS\System32\OpenSSH\;C:\Program Files (x86)\Intel\Intel(R) Management Engine Components\DAL;C:\Program Files\Intel\Intel(R) Management Engine Components\DAL;C:\Users\Puthiyajothi\AppData\Local\Microsoft\WindowsApps;C:\Users\Puthiyajothi\AppData\Roaming\npm;C:\Users\Puthiyajothi\AppData\Local\Programs\Microsoft VS Code\bin;;D:\Software\eclipse;;.]
2019-07-23 11:47:57.709  INFO 25604 --- [restartedMain] o.a.c.c.C.[.[.[/employeeservice]         : Initializing Spring embedded WebApplicationContext
2019-07-23 11:47:57.710  INFO 25604 --- [restartedMain] o.s.web.context.ContextLoader            : Root WebApplicationContext: initialization completed in 1616 ms
2019-07-23 11:47:57.825  INFO 25604 --- [restartedMain] com.zaxxer.hikari.HikariDataSource       : HikariPool-1 - Starting...
2019-07-23 11:47:57.920  INFO 25604 --- [restartedMain] com.zaxxer.hikari.HikariDataSource       : HikariPool-1 - Start completed.
2019-07-23 11:47:57.958  INFO 25604 --- [restartedMain] o.hibernate.jpa.internal.util.LogHelper  : HHH000204: Processing PersistenceUnitInfo [
	name: default
	...]
2019-07-23 11:47:58.051  INFO 25604 --- [restartedMain] org.hibernate.Version                    : HHH000412: Hibernate Core {5.3.7.Final}
2019-07-23 11:47:58.052  INFO 25604 --- [restartedMain] org.hibernate.cfg.Environment            : HHH000206: hibernate.properties not found
2019-07-23 11:47:58.159  INFO 25604 --- [restartedMain] o.hibernate.annotations.common.Version   : HCANN000001: Hibernate Commons Annotations {5.0.4.Final}
2019-07-23 11:47:58.249  INFO 25604 --- [restartedMain] org.hibernate.dialect.Dialect            : HHH000400: Using dialect: org.hibernate.dialect.MySQL5InnoDBDialect
2019-07-23 11:47:58.261  INFO 25604 --- [restartedMain] o.h.e.j.e.i.LobCreatorBuilderImpl        : HHH000422: Disabling contextual LOB creation as connection was null
2019-07-23 11:47:58.697  INFO 25604 --- [restartedMain] j.LocalContainerEntityManagerFactoryBean : Initialized JPA EntityManagerFactory for persistence unit 'default'
2019-07-23 11:47:58.943  INFO 25604 --- [restartedMain] o.h.h.i.QueryTranslatorFactoryInitiator  : HHH000397: Using ASTQueryTranslatorFactory
2019-07-23 11:47:59.166  INFO 25604 --- [restartedMain] o.s.s.concurrent.ThreadPoolTaskExecutor  : Initializing ExecutorService 'applicationTaskExecutor'
2019-07-23 11:47:59.196  WARN 25604 --- [restartedMain] aWebConfiguration$JpaWebMvcConfiguration : spring.jpa.open-in-view is enabled by default. Therefore, database queries may be performed during view rendering. Explicitly configure spring.jpa.open-in-view to disable this warning
2019-07-23 11:47:59.355  WARN 25604 --- [restartedMain] o.s.b.d.a.OptionalLiveReloadServer       : Unable to start LiveReload server
2019-07-23 11:47:59.405 ERROR 25604 --- [restartedMain] org.apache.catalina.util.LifecycleBase   : Failed to start component [Connector[HTTP/1.1-8084]]

org.apache.catalina.LifecycleException: Protocol handler start failed
	at org.apache.catalina.connector.Connector.startInternal(Connector.java:1008) ~[tomcat-embed-core-9.0.16.jar:9.0.16]
	at org.apache.catalina.util.LifecycleBase.start(LifecycleBase.java:183) ~[tomcat-embed-core-9.0.16.jar:9.0.16]
	at org.apache.catalina.core.StandardService.addConnector(StandardService.java:226) [tomcat-embed-core-9.0.16.jar:9.0.16]
	at org.springframework.boot.web.embedded.tomcat.TomcatWebServer.addPreviouslyRemovedConnectors(TomcatWebServer.java:259) [spring-boot-2.1.3.RELEASE.jar:2.1.3.RELEASE]
	at org.springframework.boot.web.embedded.tomcat.TomcatWebServer.start(TomcatWebServer.java:197) [spring-boot-2.1.3.RELEASE.jar:2.1.3.RELEASE]
	at org.springframework.boot.web.servlet.context.ServletWebServerApplicationContext.startWebServer(ServletWebServerApplicationContext.java:311) [spring-boot-2.1.3.RELEASE.jar:2.1.3.RELEASE]
	at org.springframework.boot.web.servlet.context.ServletWebServerApplicationContext.finishRefresh(ServletWebServerApplicationContext.java:164) [spring-boot-2.1.3.RELEASE.jar:2.1.3.RELEASE]
	at org.springframework.context.support.AbstractApplicationContext.refresh(AbstractApplicationContext.java:552) [spring-context-5.1.5.RELEASE.jar:5.1.5.RELEASE]
	at org.springframework.boot.web.servlet.context.ServletWebServerApplicationContext.refresh(ServletWebServerApplicationContext.java:142) [spring-boot-2.1.3.RELEASE.jar:2.1.3.RELEASE]
	at org.springframework.boot.SpringApplication.refresh(SpringApplication.java:775) [spring-boot-2.1.3.RELEASE.jar:2.1.3.RELEASE]
	at org.springframework.boot.SpringApplication.refreshContext(SpringApplication.java:397) [spring-boot-2.1.3.RELEASE.jar:2.1.3.RELEASE]
	at org.springframework.boot.SpringApplication.run(SpringApplication.java:316) [spring-boot-2.1.3.RELEASE.jar:2.1.3.RELEASE]
	at org.springframework.boot.SpringApplication.run(SpringApplication.java:1260) [spring-boot-2.1.3.RELEASE.jar:2.1.3.RELEASE]
	at org.springframework.boot.SpringApplication.run(SpringApplication.java:1248) [spring-boot-2.1.3.RELEASE.jar:2.1.3.RELEASE]
	at com.sgic.internal.employee.EmployeeApplication.main(EmployeeApplication.java:12) [classes/:na]
	at sun.reflect.NativeMethodAccessorImpl.invoke0(Native Method) ~[na:1.8.0_171]
	at sun.reflect.NativeMethodAccessorImpl.invoke(Unknown Source) ~[na:1.8.0_171]
	at sun.reflect.DelegatingMethodAccessorImpl.invoke(Unknown Source) ~[na:1.8.0_171]
	at java.lang.reflect.Method.invoke(Unknown Source) ~[na:1.8.0_171]
	at org.springframework.boot.devtools.restart.RestartLauncher.run(RestartLauncher.java:49) [spring-boot-devtools-2.1.3.RELEASE.jar:2.1.3.RELEASE]
Caused by: java.net.BindException: Address already in use: bind
	at sun.nio.ch.Net.bind0(Native Method) ~[na:1.8.0_171]
	at sun.nio.ch.Net.bind(Unknown Source) ~[na:1.8.0_171]
	at sun.nio.ch.Net.bind(Unknown Source) ~[na:1.8.0_171]
	at sun.nio.ch.ServerSocketChannelImpl.bind(Unknown Source) ~[na:1.8.0_171]
	at sun.nio.ch.ServerSocketAdaptor.bind(Unknown Source) ~[na:1.8.0_171]
	at org.apache.tomcat.util.net.NioEndpoint.initServerSocket(NioEndpoint.java:236) ~[tomcat-embed-core-9.0.16.jar:9.0.16]
	at org.apache.tomcat.util.net.NioEndpoint.bind(NioEndpoint.java:210) ~[tomcat-embed-core-9.0.16.jar:9.0.16]
	at org.apache.tomcat.util.net.AbstractEndpoint.bindWithCleanup(AbstractEndpoint.java:1085) ~[tomcat-embed-core-9.0.16.jar:9.0.16]
	at org.apache.tomcat.util.net.AbstractEndpoint.start(AbstractEndpoint.java:1171) ~[tomcat-embed-core-9.0.16.jar:9.0.16]
	at org.apache.coyote.AbstractProtocol.start(AbstractProtocol.java:568) ~[tomcat-embed-core-9.0.16.jar:9.0.16]
	at org.apache.catalina.connector.Connector.startInternal(Connector.java:1005) ~[tomcat-embed-core-9.0.16.jar:9.0.16]
	... 19 common frames omitted

2019-07-23 11:47:59.410  INFO 25604 --- [restartedMain] o.apache.catalina.core.StandardService   : Stopping service [Tomcat]
2019-07-23 11:47:59.417  INFO 25604 --- [restartedMain] ConditionEvaluationReportLoggingListener : 

Error starting ApplicationContext. To display the conditions report re-run your application with 'debug' enabled.
2019-07-23 11:47:59.420 ERROR 25604 --- [restartedMain] o.s.b.d.LoggingFailureAnalysisReporter   : 

***************************
APPLICATION FAILED TO START
***************************

Description:

The Tomcat connector configured to listen on port 8084 failed to start. The port may already be in use or the connector may be misconfigured.

Action:

Verify the connector's configuration, identify and stop any process that's listening on port 8084, or configure this application to listen on another port.

2019-07-23 11:47:59.423  INFO 25604 --- [restartedMain] o.s.s.concurrent.ThreadPoolTaskExecutor  : Shutting down ExecutorService 'applicationTaskExecutor'
2019-07-23 11:47:59.424  INFO 25604 --- [restartedMain] j.LocalContainerEntityManagerFactoryBean : Closing JPA EntityManagerFactory for persistence unit 'default'
2019-07-23 11:47:59.426  INFO 25604 --- [restartedMain] com.zaxxer.hikari.HikariDataSource       : HikariPool-1 - Shutdown initiated...
2019-07-23 11:47:59.428  INFO 25604 --- [restartedMain] com.zaxxer.hikari.HikariDataSource       : HikariPool-1 - Shutdown completed.
2019-07-23 11:48:05.182  INFO 14864 --- [RMI TCP Connection(2)-127.0.0.1] inMXBeanRegistrar$SpringApplicationAdmin : Application shutdown requested.
2019-07-23 11:48:05.189  INFO 14864 --- [RMI TCP Connection(2)-127.0.0.1] o.s.s.concurrent.ThreadPoolTaskExecutor  : Shutting down ExecutorService 'applicationTaskExecutor'
2019-07-23 11:48:05.190  INFO 14864 --- [RMI TCP Connection(2)-127.0.0.1] j.LocalContainerEntityManagerFactoryBean : Closing JPA EntityManagerFactory for persistence unit 'default'
2019-07-23 11:48:05.193  INFO 14864 --- [RMI TCP Connection(2)-127.0.0.1] com.zaxxer.hikari.HikariDataSource       : HikariPool-22 - Shutdown initiated...
2019-07-23 11:48:05.195  INFO 14864 --- [RMI TCP Connection(2)-127.0.0.1] com.zaxxer.hikari.HikariDataSource       : HikariPool-22 - Shutdown completed.
2019-07-23 11:48:18.413  INFO 12788 --- [restartedMain] c.s.i.employee.EmployeeApplication       : Starting EmployeeApplication on DESKTOP-0SK1209 with PID 12788 (C:\Users\Puthiyajothi\Desktop\Jothi\dashboard-backend\sgic-internal\sgic-internal-services\employee-service\target\classes started by Puthiyajothi in C:\Users\Puthiyajothi\Desktop\Jothi\dashboard-backend\sgic-internal\sgic-internal-services\employee-service)
2019-07-23 11:48:18.416  INFO 12788 --- [restartedMain] c.s.i.employee.EmployeeApplication       : No active profile set, falling back to default profiles: default
2019-07-23 11:48:18.452  INFO 12788 --- [restartedMain] .e.DevToolsPropertyDefaultsPostProcessor : Devtools property defaults active! Set 'spring.devtools.add-properties' to 'false' to disable
2019-07-23 11:48:18.453  INFO 12788 --- [restartedMain] .e.DevToolsPropertyDefaultsPostProcessor : For additional web related logging consider setting the 'logging.level.web' property to 'DEBUG'
2019-07-23 11:48:18.982  INFO 12788 --- [restartedMain] .s.d.r.c.RepositoryConfigurationDelegate : Bootstrapping Spring Data repositories in DEFAULT mode.
2019-07-23 11:48:19.038  INFO 12788 --- [restartedMain] .s.d.r.c.RepositoryConfigurationDelegate : Finished Spring Data repository scanning in 51ms. Found 2 repository interfaces.
2019-07-23 11:48:19.301  INFO 12788 --- [restartedMain] trationDelegate$BeanPostProcessorChecker : Bean 'org.springframework.transaction.annotation.ProxyTransactionManagementConfiguration' of type [org.springframework.transaction.annotation.ProxyTransactionManagementConfiguration$$EnhancerBySpringCGLIB$$a585315e] is not eligible for getting processed by all BeanPostProcessors (for example: not eligible for auto-proxying)
2019-07-23 11:48:19.567  INFO 12788 --- [restartedMain] o.s.b.w.embedded.tomcat.TomcatWebServer  : Tomcat initialized with port(s): 8084 (http)
2019-07-23 11:48:19.586  INFO 12788 --- [restartedMain] o.apache.catalina.core.StandardService   : Starting service [Tomcat]
2019-07-23 11:48:19.586  INFO 12788 --- [restartedMain] org.apache.catalina.core.StandardEngine  : Starting Servlet engine: [Apache Tomcat/9.0.16]
2019-07-23 11:48:19.592  INFO 12788 --- [restartedMain] o.a.catalina.core.AprLifecycleListener   : The APR based Apache Tomcat Native library which allows optimal performance in production environments was not found on the java.library.path: [C:\Program Files\Java\jre1.8.0_171\bin;C:\WINDOWS\Sun\Java\bin;C:\WINDOWS\system32;C:\WINDOWS;C:/Program Files/Java/jre1.8.0_171/bin/server;C:/Program Files/Java/jre1.8.0_171/bin;C:/Program Files/Java/jre1.8.0_171/lib/amd64;C:\Program Files (x86)\Common Files\Oracle\Java\javapath;C:\WINDOWS\system32;C:\WINDOWS;C:\WINDOWS\System32\Wbem;C:\WINDOWS\System32\WindowsPowerShell\v1.0\;C:\Program Files\Java\jdk1.8.0_171\bin;C:\Program Files\Java\jre1.8.0_171\bin;C:\Program Files\Intel\WiFi\bin\;C:\Program Files\Common Files\Intel\WirelessCommon\;C:\Program Files\nodejs\;C:\Git\cmd;C:\WINDOWS\System32\OpenSSH\;C:\Program Files (x86)\Intel\Intel(R) Management Engine Components\DAL;C:\Program Files\Intel\Intel(R) Management Engine Components\DAL;C:\Users\Puthiyajothi\AppData\Local\Microsoft\WindowsApps;C:\Users\Puthiyajothi\AppData\Roaming\npm;C:\Users\Puthiyajothi\AppData\Local\Programs\Microsoft VS Code\bin;;D:\Software\eclipse;;.]
2019-07-23 11:48:19.676  INFO 12788 --- [restartedMain] o.a.c.c.C.[.[.[/employeeservice]         : Initializing Spring embedded WebApplicationContext
2019-07-23 11:48:19.677  INFO 12788 --- [restartedMain] o.s.web.context.ContextLoader            : Root WebApplicationContext: initialization completed in 1224 ms
2019-07-23 11:48:19.805  INFO 12788 --- [restartedMain] com.zaxxer.hikari.HikariDataSource       : HikariPool-1 - Starting...
2019-07-23 11:48:19.890  INFO 12788 --- [restartedMain] com.zaxxer.hikari.HikariDataSource       : HikariPool-1 - Start completed.
2019-07-23 11:48:19.931  INFO 12788 --- [restartedMain] o.hibernate.jpa.internal.util.LogHelper  : HHH000204: Processing PersistenceUnitInfo [
	name: default
	...]
2019-07-23 11:48:20.030  INFO 12788 --- [restartedMain] org.hibernate.Version                    : HHH000412: Hibernate Core {5.3.7.Final}
2019-07-23 11:48:20.032  INFO 12788 --- [restartedMain] org.hibernate.cfg.Environment            : HHH000206: hibernate.properties not found
2019-07-23 11:48:20.120  INFO 12788 --- [restartedMain] o.hibernate.annotations.common.Version   : HCANN000001: Hibernate Commons Annotations {5.0.4.Final}
2019-07-23 11:48:20.213  INFO 12788 --- [restartedMain] org.hibernate.dialect.Dialect            : HHH000400: Using dialect: org.hibernate.dialect.MySQL5InnoDBDialect
2019-07-23 11:48:20.226  INFO 12788 --- [restartedMain] o.h.e.j.e.i.LobCreatorBuilderImpl        : HHH000422: Disabling contextual LOB creation as connection was null
2019-07-23 11:48:20.645  INFO 12788 --- [restartedMain] j.LocalContainerEntityManagerFactoryBean : Initialized JPA EntityManagerFactory for persistence unit 'default'
2019-07-23 11:48:20.879  INFO 12788 --- [restartedMain] o.h.h.i.QueryTranslatorFactoryInitiator  : HHH000397: Using ASTQueryTranslatorFactory
2019-07-23 11:48:21.090  INFO 12788 --- [restartedMain] o.s.s.concurrent.ThreadPoolTaskExecutor  : Initializing ExecutorService 'applicationTaskExecutor'
2019-07-23 11:48:21.116  WARN 12788 --- [restartedMain] aWebConfiguration$JpaWebMvcConfiguration : spring.jpa.open-in-view is enabled by default. Therefore, database queries may be performed during view rendering. Explicitly configure spring.jpa.open-in-view to disable this warning
2019-07-23 11:48:21.262  INFO 12788 --- [restartedMain] o.s.b.d.a.OptionalLiveReloadServer       : LiveReload server is running on port 35729
2019-07-23 11:48:21.299  INFO 12788 --- [restartedMain] o.s.b.w.embedded.tomcat.TomcatWebServer  : Tomcat started on port(s): 8084 (http) with context path '/employeeservice'
2019-07-23 11:48:21.301  INFO 12788 --- [restartedMain] c.s.i.employee.EmployeeApplication       : Started EmployeeApplication in 3.109 seconds (JVM running for 3.715)
2019-07-23 11:49:01.047  INFO 12788 --- [http-nio-8084-exec-2] o.a.c.c.C.[.[.[/employeeservice]         : Initializing Spring DispatcherServlet 'dispatcherServlet'
2019-07-23 11:49:01.048  INFO 12788 --- [http-nio-8084-exec-2] o.s.web.servlet.DispatcherServlet        : Initializing Servlet 'dispatcherServlet'
2019-07-23 11:49:01.054  INFO 12788 --- [http-nio-8084-exec-2] o.s.web.servlet.DispatcherServlet        : Completed initialization in 6 ms
2019-07-23 11:49:01.073  INFO 12788 --- [http-nio-8084-exec-2] c.s.i.e.dto.mapper.DesignationDTOMapper  : Designation Controller -> GetDesignation
2019-07-23 11:49:01.129  INFO 12788 --- [http-nio-8084-exec-2] c.s.i.e.r.DesignationRepository          :  Employee Successfully Listed 
2019-07-23 11:49:01.129  INFO 12788 --- [http-nio-8084-exec-2] c.s.i.e.repositories.EmployeeRepository  : Successfully Get Designation Details
2019-07-23 11:49:01.189  INFO 12788 --- [http-nio-8084-exec-2] c.s.internal.employee.dto.EmployeeDTO    :  Designation Converter-->Designation to DTO Converte
2019-07-23 11:49:33.377  INFO 12788 --- [http-nio-8084-exec-3] c.s.i.e.dto.mapper.DesignationDTOMapper  : Designation Controller -> GetDesignation
2019-07-23 11:49:33.377  INFO 12788 --- [http-nio-8084-exec-3] c.s.i.e.r.DesignationRepository          :  Employee Successfully Listed 
2019-07-23 11:49:33.378  INFO 12788 --- [http-nio-8084-exec-3] c.s.i.e.repositories.EmployeeRepository  : Successfully Get Designation Details
2019-07-23 11:49:33.407  INFO 12788 --- [http-nio-8084-exec-3] c.s.internal.employee.dto.EmployeeDTO    :  Designation Converter-->Designation to DTO Converte
2019-07-23 12:31:47.317  INFO 12788 --- [RMI TCP Connection(2)-127.0.0.1] inMXBeanRegistrar$SpringApplicationAdmin : Application shutdown requested.
2019-07-23 12:31:47.319  INFO 12788 --- [RMI TCP Connection(2)-127.0.0.1] o.s.s.concurrent.ThreadPoolTaskExecutor  : Shutting down ExecutorService 'applicationTaskExecutor'
2019-07-23 12:31:47.320  INFO 12788 --- [RMI TCP Connection(2)-127.0.0.1] j.LocalContainerEntityManagerFactoryBean : Closing JPA EntityManagerFactory for persistence unit 'default'
2019-07-23 12:31:47.323  INFO 12788 --- [RMI TCP Connection(2)-127.0.0.1] com.zaxxer.hikari.HikariDataSource       : HikariPool-1 - Shutdown initiated...
2019-07-23 12:31:47.327  INFO 12788 --- [RMI TCP Connection(2)-127.0.0.1] com.zaxxer.hikari.HikariDataSource       : HikariPool-1 - Shutdown completed.
